<?xml version="1.0" encoding="UTF-8"?>
<!-- Generated by org.testng.reporters.JUnitReportReporter -->
<testsuite skipped="0" hostname="Sudheers-MacBook-Air.local" name="com.wordpress.tests.ProfileTest" tests="1" failures="0" timestamp="30 May 2019 01:43:43 GMT" time="54.062" errors="0">
  <testcase name="testUpdateProfile" time="54.062" classname="com.wordpress.tests.ProfileTest"/>
</testsuite> <!-- com.wordpress.tests.ProfileTest -->
