<?xml version="1.0" encoding="UTF-8"?>
<!-- Generated by org.testng.reporters.JUnitReportReporter -->
<testsuite skipped="0" hostname="Sudheers-MacBook-Air.local" name="com.wordpress.tests.LoginTest" tests="2" failures="0" timestamp="01 Jun 2019 02:01:10 GMT" time="52.347" errors="0">
  <testcase name="testLoginWithValidCredentials" time="22.726" classname="com.wordpress.tests.LoginTest"/>
  <testcase name="testLoginWithInvalidCredentials_InvalidUser" time="29.621" classname="com.wordpress.tests.LoginTest"/>
</testsuite> <!-- com.wordpress.tests.LoginTest -->
