<?xml version="1.0" encoding="UTF-8" ?>
<testsuites>
 <testsuite name="angularjs homepage todo list" timestamp="2017-08-28T16:04:43" hostname="localhost" time="8.918" errors="0" tests="1" skipped="0" disabled="0" failures="0">
  <testcase classname="angularjs homepage todo list" name="should add a todo" time="8.916" />
 </testsuite>
</testsuites>